<?xml version="1.0" encoding="UTF-8"?>
<testsuite xmlns:xsi="http://www.w3.org/2001/XMLSchema-instance" xsi:noNamespaceSchemaLocation="https://maven.apache.org/surefire/maven-surefire-plugin/xsd/surefire-test-report-3.0.xsd" version="3.0" name="runners.TestRunner" time="27.3" tests="1" errors="0" skipped="0" failures="0">
  <properties>
[...]
</properties>
  <testcase name="Validate analytics events triggered on page interaction" classname="Analytics validation on UBS wealth-management contact form" time="26.244">
    <system-out><![CDATA[
Scenario Outline: Validate analytics events triggered on page interaction # src/test/resources/features/analytics.feature:23
Captured payloads saved to target/pageLoad_apis.json
Page Load Time (ms): 2668
Form DOM Load Time (ms): 49
  Given I launch the UBS contact form page                                # stepdefs.AnalyticsSteps.openPage()
Captured XHR request to URL: https://analytics.ubs.com/b/ss/ubs-loglive/10/JS-2.27.0-LEWM/s05471449762729
payload==={"method":"POST","queryParams":{},"url":"https://analytics.ubs.com/b/ss/ubs-loglive/10/JS-2.27.0-LEWM/s05471449762729","timestamp":1751229262103}
Total captured API calls so far: 1
Captured XHR request to URL: https://analytics.ubs.com/b/ss/ubs-loglive/10/JS-2.27.0-LEWM/s07662327512066
payload==={"method":"POST","queryParams":{},"url":"https://analytics.ubs.com/b/ss/ubs-loglive/10/JS-2.27.0-LEWM/s07662327512066","timestamp":1751229264606}
Total captured API calls so far: 2
Captured payloads saved to target/pageLoad_apis.json
  And Accept the Cookies                                                  # stepdefs.AnalyticsSteps.acceptCookies()
Captured Script request to URL: https://analytics.ubs.com/b/ss/ubs-loglive/10/JS-2.27.0-LEWM/s02307392260342?AQB=1&ndh=1&pf=1&callback=s_c_il[1].doPostbacks&et=1&t=29%2F5%2F2025%2022%3A34%3A24%200%20-120&cid.&r_mid.&id=77077633088525909281932303162303294299&.r_mid&.cid&d.&nsid=0&jsonv=1&.d&ts=2025-06-29T20%3A34%3A24.603Z&mid=77077633088525909281932303162303294299&aamlh=6&ce=UTF-8&cl=31536000&g=https%3A%2F%2Fwww.ubs.com%2Fglobal%2Fen%2Fwealthmanagement%2Fconnect-with-us.html&c.&amcid=77077633088525909281932303162303294299&cm.&ssf=0&.cm&.c&h.&architecture=x86&bitness=64&platformVersion=19.0.0&.h&cc=USD&ch=global%3Aglobal%20wealth%20management&server=https%3A%2F%2Fwww.ubs.com&events=event193&c3=D%3Dv4&c4=D%3Dv5&v4=%2Fglobal%2Fen%2Fwealthmanagement%2Fconnect-with-us.html&c5=D%3Dv6&v5=global%3Aglobal%20wealth%20management&v6=%2Fwealthmanagement%2F&c9=D%3Dv9&v9=Mozilla%2F5.0%20%28Windows%20NT%2010.0%3B%20Win64%3B%20x64%29%20AppleWebKit%2F537.36%20%28KHTML%2C%20like%20Gecko%29%20Chrome%2F137.0.0.0%20Safari%2F537.36&c10=D%3Dv10&v10=external&v14=%2Fcontent%2Fsites%2Fglobal%2Fen%2Fwealthmanagement%2Fconnect-with-us&c16=D%3Dv17&c17=D%3Dv18&v17=default%20%7C%20light-mode&c18=D%3Dv14&v18=%2Fconf%2Fubs%2Fsettings%2Fwcm%2Ftemplates%2Fcontent&c19=D%3Dv19&v19=global&c20=D%3Dv20&v20=en&v33=corporate.functions&c34=D%3Dv33&v34=Global%20Wealth%20Management&c35=D%3Dv34&v43=Form%20Ready&c45=D%3Dv43&c51=D%3Dv53&v52=2025-06-12T12%3A23%3A48Z%20%7C%2011.47.9&v53=wealthmanagement%2Fconnect-with-us&c69=0-4-3-2-1&v70=77077633088525909281932303162303294299&v168=21740122&pe=lnk_o&pev2=Form%20Ready&s=1440x900&c=24&j=1.6&v=N&k=Y&bw=1037&bh=687&mcorgid=73FAC51D54C72AE50A4C98BC%40AdobeOrg&AQE=1
payload==={"method":"GET","queryParams":{"v6":"/wealthmanagement/","bitness":"64","v9":"Mozilla/5.0 (Windows NT 10.0; Win64; x64) AppleWebKit/537.36 (KHTML, like Gecko) Chrome/137.0.0.0 Safari/537.36","c35":"D=v34","jsonv":"1","c34":"D=v33","pev2":"Form Ready","ssf":"0","aamlh":"6","AQB":"1","v52":"2025-06-12T12:23:48Z | 11.47.9","nsid":"0","v10":"external","v53":"wealthmanagement/connect-with-us","AQE":"1","v14":"/content/sites/global/en/wealthmanagement/connect-with-us","id":"77077633088525909281932303162303294299","amcid":"77077633088525909281932303162303294299","v18":"/conf/ubs/settings/wcm/templates/content","v17":"default | light-mode","events":"event193","v19":"global","c45":"D=v43","et":"1","c3":"D=v4","c4":"D=v5","c5":"D=v6","v20":"en","c9":"D=v9","c51":"D=v53","server":"https://www.ubs.com","c10":"D=v10","bh":"687","c17":"D=v18","mid":"77077633088525909281932303162303294299","c16":"D=v17","c19":"D=v19","c18":"D=v14","v168":"21740122","v70":"77077633088525909281932303162303294299","bw":"1037","v34":"Global Wealth Management","platformVersion":"19.0.0","v33":"corporate.functions","architecture":"x86","cc":"USD","c20":"D=v20","mcorgid":"73FAC51D54C72AE50A4C98BC@AdobeOrg","ce":"UTF-8","c":"24","ch":"global:global wealth management","g":"https://www.ubs.com/global/en/wealthmanagement/connect-with-us.html","c69":"0-4-3-2-1","cl":"31536000","j":"1.6","k":"Y","ndh":"1","s":"1440x900","t":"29/5/2025 22:34:24 0 -120","v43":"Form Ready","pe":"lnk_o","pf":"1","v":"N","callback":"s_c_il[1].doPostbacks","v4":"/global/en/wealthmanagement/connect-with-us.html","ts":"2025-06-29T20:34:24.603Z","v5":"global:global wealth management"},"url":"https://analytics.ubs.com/b/ss/ubs-loglive/10/JS-2.27.0-LEWM/s02307392260342?AQB=1&ndh=1&pf=1&callback=s_c_il[1].doPostbacks&et=1&t=29%2F5%2F2025%2022%3A34%3A24%200%20-120&cid.&r_mid.&id=77077633088525909281932303162303294299&.r_mid&.cid&d.&nsid=0&jsonv=1&.d&ts=2025-06-29T20%3A34%3A24.603Z&mid=77077633088525909281932303162303294299&aamlh=6&ce=UTF-8&cl=31536000&g=https%3A%2F%2Fwww.ubs.com%2Fglobal%2Fen%2Fwealthmanagement%2Fconnect-with-us.html&c.&amcid=77077633088525909281932303162303294299&cm.&ssf=0&.cm&.c&h.&architecture=x86&bitness=64&platformVersion=19.0.0&.h&cc=USD&ch=global%3Aglobal%20wealth%20management&server=https%3A%2F%2Fwww.ubs.com&events=event193&c3=D%3Dv4&c4=D%3Dv5&v4=%2Fglobal%2Fen%2Fwealthmanagement%2Fconnect-with-us.html&c5=D%3Dv6&v5=global%3Aglobal%20wealth%20management&v6=%2Fwealthmanagement%2F&c9=D%3Dv9&v9=Mozilla%2F5.0%20%28Windows%20NT%2010.0%3B%20Win64%3B%20x64%29%20AppleWebKit%2F537.36%20%28KHTML%2C%20like%20Gecko%29%20Chrome%2F137.0.0.0%20Safari%2F537.36&c10=D%3Dv10&v10=external&v14=%2Fcontent%2Fsites%2Fglobal%2Fen%2Fwealthmanagement%2Fconnect-with-us&c16=D%3Dv17&c17=D%3Dv18&v17=default%20%7C%20light-mode&c18=D%3Dv14&v18=%2Fconf%2Fubs%2Fsettings%2Fwcm%2Ftemplates%2Fcontent&c19=D%3Dv19&v19=global&c20=D%3Dv20&v20=en&v33=corporate.functions&c34=D%3Dv33&v34=Global%20Wealth%20Management&c35=D%3Dv34&v43=Form%20Ready&c45=D%3Dv43&c51=D%3Dv53&v52=2025-06-12T12%3A23%3A48Z%20%7C%2011.47.9&v53=wealthmanagement%2Fconnect-with-us&c69=0-4-3-2-1&v70=77077633088525909281932303162303294299&v168=21740122&pe=lnk_o&pev2=Form%20Ready&s=1440x900&c=24&j=1.6&v=N&k=Y&bw=1037&bh=687&mcorgid=73FAC51D54C72AE50A4C98BC%40AdobeOrg&AQE=1","timestamp":1751229264708}
Total captured API calls so far: 3
Captured Script request to URL: https://analytics.ubs.com/b/ss/ubs-loglive/10/JS-2.27.0-LEWM/s04042894520447?AQB=1&ndh=1&pf=1&callback=s_c_il[1].doPostbacks&et=1&t=29%2F5%2F2025%2022%3A34%3A24%200%20-120&cid.&r_mid.&id=77077633088525909281932303162303294299&.r_mid&.cid&d.&nsid=0&jsonv=1&.d&ts=2025-06-29T20%3A34%3A24.795Z&mid=77077633088525909281932303162303294299&aamlh=6&ce=UTF-8&cl=31536000&g=https%3A%2F%2Fwww.ubs.com%2Fglobal%2Fen%2Fwealthmanagement%2Fconnect-with-us.html&c.&amcid=77077633088525909281932303162303294299&cm.&ssf=0&.cm&.c&h.&architecture=x86&bitness=64&platformVersion=19.0.0&.h&cc=USD&ch=global%3Aglobal%20wealth%20management&server=https%3A%2F%2Fwww.ubs.com&events=event13%2Cevent133&c3=D%3Dv4&c4=D%3Dv5&v4=%2Fglobal%2Fen%2Fwealthmanagement%2Fconnect-with-us.html&c5=D%3Dv6&v5=global%3Aglobal%20wealth%20management&v6=%2Fwealthmanagement%2F&c9=D%3Dv9&v9=Mozilla%2F5.0%20%28Windows%20NT%2010.0%3B%20Win64%3B%20x64%29%20AppleWebKit%2F537.36%20%28KHTML%2C%20like%20Gecko%29%20Chrome%2F137.0.0.0%20Safari%2F537.36&c10=D%3Dv10&v10=external&v14=%2Fcontent%2Fsites%2Fglobal%2Fen%2Fwealthmanagement%2Fconnect-with-us&c16=D%3Dv17&c17=D%3Dv18&v17=default%20%7C%20light-mode&c18=D%3Dv14&v18=%2Fconf%2Fubs%2Fsettings%2Fwcm%2Ftemplates%2Fcontent&c19=D%3Dv19&v19=global&c20=D%3Dv20&v20=en&v33=corporate.functions&c34=D%3Dv33&v34=Global%20Wealth%20Management&c35=D%3Dv34&v43=form%20start&c45=D%3Dv43&c51=D%3Dv53&v52=2025-06-12T12%3A23%3A48Z%20%7C%2011.47.9&v53=wealthmanagement%2Fconnect-with-us&c69=0-4-3-2-1&v70=77077633088525909281932303162303294299&v168=21740122%3A21739909&pe=lnk_o&pev2=Form%20Start&s=1440x900&c=24&j=1.6&v=N&k=Y&bw=1037&bh=687&mcorgid=73FAC51D54C72AE50A4C98BC%40AdobeOrg&lrt=100&AQE=1
payload==={"method":"GET","queryParams":{"v6":"/wealthmanagement/","bitness":"64","v9":"Mozilla/5.0 (Windows NT 10.0; Win64; x64) AppleWebKit/537.36 (KHTML, like Gecko) Chrome/137.0.0.0 Safari/537.36","c35":"D=v34","jsonv":"1","c34":"D=v33","pev2":"Form Start","ssf":"0","aamlh":"6","AQB":"1","v52":"2025-06-12T12:23:48Z | 11.47.9","nsid":"0","v10":"external","v53":"wealthmanagement/connect-with-us","AQE":"1","v14":"/content/sites/global/en/wealthmanagement/connect-with-us","id":"77077633088525909281932303162303294299","amcid":"77077633088525909281932303162303294299","v18":"/conf/ubs/settings/wcm/templates/content","v17":"default | light-mode","events":"event13,event133","v19":"global","c45":"D=v43","et":"1","lrt":"100","c3":"D=v4","c4":"D=v5","c5":"D=v6","v20":"en","c9":"D=v9","c51":"D=v53","server":"https://www.ubs.com","c10":"D=v10","bh":"687","c17":"D=v18","mid":"77077633088525909281932303162303294299","c16":"D=v17","c19":"D=v19","c18":"D=v14","v168":"21740122:21739909","v70":"77077633088525909281932303162303294299","bw":"1037","v34":"Global Wealth Management","platformVersion":"19.0.0","v33":"corporate.functions","architecture":"x86","cc":"USD","c20":"D=v20","mcorgid":"73FAC51D54C72AE50A4C98BC@AdobeOrg","ce":"UTF-8","c":"24","ch":"global:global wealth management","g":"https://www.ubs.com/global/en/wealthmanagement/connect-with-us.html","c69":"0-4-3-2-1","cl":"31536000","j":"1.6","k":"Y","ndh":"1","s":"1440x900","t":"29/5/2025 22:34:24 0 -120","v43":"form start","pe":"lnk_o","pf":"1","v":"N","callback":"s_c_il[1].doPostbacks","v4":"/global/en/wealthmanagement/connect-with-us.html","ts":"2025-06-29T20:34:24.795Z","v5":"global:global wealth management"},"url":"https://analytics.ubs.com/b/ss/ubs-loglive/10/JS-2.27.0-LEWM/s04042894520447?AQB=1&ndh=1&pf=1&callback=s_c_il[1].doPostbacks&et=1&t=29%2F5%2F2025%2022%3A34%3A24%200%20-120&cid.&r_mid.&id=77077633088525909281932303162303294299&.r_mid&.cid&d.&nsid=0&jsonv=1&.d&ts=2025-06-29T20%3A34%3A24.795Z&mid=77077633088525909281932303162303294299&aamlh=6&ce=UTF-8&cl=31536000&g=https%3A%2F%2Fwww.ubs.com%2Fglobal%2Fen%2Fwealthmanagement%2Fconnect-with-us.html&c.&amcid=77077633088525909281932303162303294299&cm.&ssf=0&.cm&.c&h.&architecture=x86&bitness=64&platformVersion=19.0.0&.h&cc=USD&ch=global%3Aglobal%20wealth%20management&server=https%3A%2F%2Fwww.ubs.com&events=event13%2Cevent133&c3=D%3Dv4&c4=D%3Dv5&v4=%2Fglobal%2Fen%2Fwealthmanagement%2Fconnect-with-us.html&c5=D%3Dv6&v5=global%3Aglobal%20wealth%20management&v6=%2Fwealthmanagement%2F&c9=D%3Dv9&v9=Mozilla%2F5.0%20%28Windows%20NT%2010.0%3B%20Win64%3B%20x64%29%20AppleWebKit%2F537.36%20%28KHTML%2C%20like%20Gecko%29%20Chrome%2F137.0.0.0%20Safari%2F537.36&c10=D%3Dv10&v10=external&v14=%2Fcontent%2Fsites%2Fglobal%2Fen%2Fwealthmanagement%2Fconnect-with-us&c16=D%3Dv17&c17=D%3Dv18&v17=default%20%7C%20light-mode&c18=D%3Dv14&v18=%2Fconf%2Fubs%2Fsettings%2Fwcm%2Ftemplates%2Fcontent&c19=D%3Dv19&v19=global&c20=D%3Dv20&v20=en&v33=corporate.functions&c34=D%3Dv33&v34=Global%20Wealth%20Management&c35=D%3Dv34&v43=form%20start&c45=D%3Dv43&c51=D%3Dv53&v52=2025-06-12T12%3A23%3A48Z%20%7C%2011.47.9&v53=wealthmanagement%2Fconnect-with-us&c69=0-4-3-2-1&v70=77077633088525909281932303162303294299&v168=21740122%3A21739909&pe=lnk_o&pev2=Form%20Start&s=1440x900&c=24&j=1.6&v=N&k=Y&bw=1037&bh=687&mcorgid=73FAC51D54C72AE50A4C98BC%40AdobeOrg&lrt=100&AQE=1","timestamp":1751229264807}
Total captured API calls so far: 4
Captured payloads saved to target/pageLoad_apis.json
  And Enter FirstName as "Test"                                           # stepdefs.AnalyticsSteps.firstName(java.lang.String)
Captured payloads saved to target/pageLoad_apis.json
  And Enter LastName                                                      # stepdefs.AnalyticsSteps.lastName()
Captured payloads saved to target/pageLoad_apis.json
  And select sfCollection                                                 # stepdefs.AnalyticsSteps.sfCollection()
Captured payloads saved to target/pageLoad_apis.json
  And Select phonePrefix                                                  # stepdefs.AnalyticsSteps.phonePrefix()
Captured payloads saved to target/pageLoad_apis.json
  And Enter Telephone                                                     # stepdefs.AnalyticsSteps.enterTelephone()
Captured payloads saved to target/pageLoad_apis.json
  And Enter email                                                         # stepdefs.AnalyticsSteps.enterEmail()
Captured XHR request to URL: https://analytics.ubs.com/b/ss/ubs-loglive/10/JS-2.27.0-LEWM/s0329021631484
payload==={"method":"POST","queryParams":{},"url":"https://analytics.ubs.com/b/ss/ubs-loglive/10/JS-2.27.0-LEWM/s0329021631484","timestamp":1751229275184}
Total captured API calls so far: 5
Captured Script request to URL: https://analytics.ubs.com/b/ss/ubs-loglive/10/JS-2.27.0-LEWM/s07878433594144?AQB=1&ndh=1&pf=1&callback=s_c_il[1].doPostbacks&et=1&t=29%2F5%2F2025%2022%3A34%3A35%200%20-120&cid.&r_mid.&id=77077633088525909281932303162303294299&.r_mid&.cid&d.&nsid=0&jsonv=1&.d&ts=2025-06-29T20%3A34%3A35.180Z&mid=77077633088525909281932303162303294299&aamlh=6&ce=UTF-8&cl=31536000&g=https%3A%2F%2Fwww.ubs.com%2Fglobal%2Fen%2Fwealthmanagement%2Fconnect-with-us.html&c.&amcid=77077633088525909281932303162303294299&cm.&ssf=0&.cm&.c&h.&architecture=x86&bitness=64&platformVersion=19.0.0&.h&cc=USD&ch=global%3Aglobal%20wealth%20management&server=https%3A%2F%2Fwww.ubs.com&events=event15&c3=D%3Dv4&c4=D%3Dv5&v4=%2Fglobal%2Fen%2Fwealthmanagement%2Fconnect-with-us.html&c5=D%3Dv6&v5=global%3Aglobal%20wealth%20management&v6=%2Fwealthmanagement%2F&c9=D%3Dv9&v9=Mozilla%2F5.0%20%28Windows%20NT%2010.0%3B%20Win64%3B%20x64%29%20AppleWebKit%2F537.36%20%28KHTML%2C%20like%20Gecko%29%20Chrome%2F137.0.0.0%20Safari%2F537.36&c10=D%3Dv10&v10=external&v14=%2Fcontent%2Fsites%2Fglobal%2Fen%2Fwealthmanagement%2Fconnect-with-us&c16=D%3Dv17&c17=D%3Dv18&v17=default%20%7C%20light-mode&c18=D%3Dv14&v18=%2Fconf%2Fubs%2Fsettings%2Fwcm%2Ftemplates%2Fcontent&c19=D%3Dv19&v19=global&c20=D%3Dv20&v20=en&v33=corporate.functions&c34=D%3Dv33&v34=Global%20Wealth%20Management&c35=D%3Dv34&v41=Without%20your%20consent%20we%20are%20not%20able%20to%20process%20your%20personal%20data%20for%20the%20purposes%20stated%20above.&v42=confirmation_159246120%20%281-14%29&c43=D%3Dv41&v43=form%20error&c44=D%3Dv42&c45=D%3Dv43&c51=D%3Dv53&v52=2025-06-12T12%3A23%3A48Z%20%7C%2011.47.9&v53=wealthmanagement%2Fconnect-with-us&c69=0-4-3-2-1&v70=77077633088525909281932303162303294299&v168=21740122%3A21740132%3A21739909&pe=lnk_o&pev2=Form%20Error&s=1440x900&c=24&j=1.6&v=N&k=Y&bw=1037&bh=687&mcorgid=73FAC51D54C72AE50A4C98BC%40AdobeOrg&AQE=1
payload==={"method":"GET","queryParams":{"v6":"/wealthmanagement/","bitness":"64","v9":"Mozilla/5.0 (Windows NT 10.0; Win64; x64) AppleWebKit/537.36 (KHTML, like Gecko) Chrome/137.0.0.0 Safari/537.36","c35":"D=v34","jsonv":"1","c34":"D=v33","pev2":"Form Error","ssf":"0","aamlh":"6","AQB":"1","v52":"2025-06-12T12:23:48Z | 11.47.9","nsid":"0","v10":"external","v53":"wealthmanagement/connect-with-us","AQE":"1","v14":"/content/sites/global/en/wealthmanagement/connect-with-us","id":"77077633088525909281932303162303294299","amcid":"77077633088525909281932303162303294299","v18":"/conf/ubs/settings/wcm/templates/content","v17":"default | light-mode","events":"event15","v19":"global","c44":"D=v42","c43":"D=v41","c45":"D=v43","et":"1","c3":"D=v4","c4":"D=v5","c5":"D=v6","v20":"en","c9":"D=v9","c51":"D=v53","server":"https://www.ubs.com","c10":"D=v10","bh":"687","c17":"D=v18","mid":"77077633088525909281932303162303294299","c16":"D=v17","c19":"D=v19","c18":"D=v14","v168":"21740122:21740132:21739909","v70":"77077633088525909281932303162303294299","bw":"1037","v34":"Global Wealth Management","platformVersion":"19.0.0","v33":"corporate.functions","architecture":"x86","cc":"USD","c20":"D=v20","mcorgid":"73FAC51D54C72AE50A4C98BC@AdobeOrg","ce":"UTF-8","c":"24","ch":"global:global wealth management","g":"https://www.ubs.com/global/en/wealthmanagement/connect-with-us.html","c69":"0-4-3-2-1","cl":"31536000","j":"1.6","k":"Y","v41":"Without your consent we are not able to process your personal data for the purposes stated above.","ndh":"1","s":"1440x900","t":"29/5/2025 22:34:35 0 -120","v43":"form error","v42":"confirmation_159246120 (1-14)","pe":"lnk_o","pf":"1","v":"N","callback":"s_c_il[1].doPostbacks","v4":"/global/en/wealthmanagement/connect-with-us.html","ts":"2025-06-29T20:34:35.180Z","v5":"global:global wealth management"},"url":"https://analytics.ubs.com/b/ss/ubs-loglive/10/JS-2.27.0-LEWM/s07878433594144?AQB=1&ndh=1&pf=1&callback=s_c_il[1].doPostbacks&et=1&t=29%2F5%2F2025%2022%3A34%3A35%200%20-120&cid.&r_mid.&id=77077633088525909281932303162303294299&.r_mid&.cid&d.&nsid=0&jsonv=1&.d&ts=2025-06-29T20%3A34%3A35.180Z&mid=77077633088525909281932303162303294299&aamlh=6&ce=UTF-8&cl=31536000&g=https%3A%2F%2Fwww.ubs.com%2Fglobal%2Fen%2Fwealthmanagement%2Fconnect-with-us.html&c.&amcid=77077633088525909281932303162303294299&cm.&ssf=0&.cm&.c&h.&architecture=x86&bitness=64&platformVersion=19.0.0&.h&cc=USD&ch=global%3Aglobal%20wealth%20management&server=https%3A%2F%2Fwww.ubs.com&events=event15&c3=D%3Dv4&c4=D%3Dv5&v4=%2Fglobal%2Fen%2Fwealthmanagement%2Fconnect-with-us.html&c5=D%3Dv6&v5=global%3Aglobal%20wealth%20management&v6=%2Fwealthmanagement%2F&c9=D%3Dv9&v9=Mozilla%2F5.0%20%28Windows%20NT%2010.0%3B%20Win64%3B%20x64%29%20AppleWebKit%2F537.36%20%28KHTML%2C%20like%20Gecko%29%20Chrome%2F137.0.0.0%20Safari%2F537.36&c10=D%3Dv10&v10=external&v14=%2Fcontent%2Fsites%2Fglobal%2Fen%2Fwealthmanagement%2Fconnect-with-us&c16=D%3Dv17&c17=D%3Dv18&v17=default%20%7C%20light-mode&c18=D%3Dv14&v18=%2Fconf%2Fubs%2Fsettings%2Fwcm%2Ftemplates%2Fcontent&c19=D%3Dv19&v19=global&c20=D%3Dv20&v20=en&v33=corporate.functions&c34=D%3Dv33&v34=Global%20Wealth%20Management&c35=D%3Dv34&v41=Without%20your%20consent%20we%20are%20not%20able%20to%20process%20your%20personal%20data%20for%20the%20purposes%20stated%20above.&v42=confirmation_159246120%20%281-14%29&c43=D%3Dv41&v43=form%20error&c44=D%3Dv42&c45=D%3Dv43&c51=D%3Dv53&v52=2025-06-12T12%3A23%3A48Z%20%7C%2011.47.9&v53=wealthmanagement%2Fconnect-with-us&c69=0-4-3-2-1&v70=77077633088525909281932303162303294299&v168=21740122%3A21740132%3A21739909&pe=lnk_o&pev2=Form%20Error&s=1440x900&c=24&j=1.6&v=N&k=Y&bw=1037&bh=687&mcorgid=73FAC51D54C72AE50A4C98BC%40AdobeOrg&AQE=1","timestamp":1751229275272}
Total captured API calls so far: 6
Captured payloads saved to target/pageLoad_apis.json
Captured Script request to URL: https://analytics.ubs.com/b/ss/ubs-loglive/10/JS-2.27.0-LEWM/s04548876048699?AQB=1&ndh=1&pf=1&callback=s_c_il[1].doPostbacks&et=1&t=29%2F5%2F2025%2022%3A34%3A37%200%20-120&cid.&r_mid.&id=77077633088525909281932303162303294299&.r_mid&.cid&d.&nsid=0&jsonv=1&.d&ts=2025-06-29T20%3A34%3A37.849Z&mid=77077633088525909281932303162303294299&aamlh=6&ce=UTF-8&cl=31536000&g=https%3A%2F%2Fwww.ubs.com%2Fglobal%2Fen%2Fwealthmanagement%2Fconnect-with-us.html&c.&amcid=77077633088525909281932303162303294299&cm.&ssf=0&.cm&.c&h.&architecture=x86&bitness=64&platformVersion=19.0.0&.h&cc=USD&ch=global%3Aglobal%20wealth%20management&server=https%3A%2F%2Fwww.ubs.com&events=event157&c3=D%3Dv4&c4=D%3Dv5&v4=%2Fglobal%2Fen%2Fwealthmanagement%2Fconnect-with-us.html&c5=D%3Dv6&v5=global%3Aglobal%20wealth%20management&v6=%2Fwealthmanagement%2F&c9=D%3Dv9&v9=Mozilla%2F5.0%20%28Windows%20NT%2010.0%3B%20Win64%3B%20x64%29%20AppleWebKit%2F537.36%20%28KHTML%2C%20like%20Gecko%29%20Chrome%2F137.0.0.0%20Safari%2F537.36&c10=D%3Dv10&v10=external&v14=%2Fcontent%2Fsites%2Fglobal%2Fen%2Fwealthmanagement%2Fconnect-with-us&c16=D%3Dv17&c17=D%3Dv18&v17=default%20%7C%20light-mode&c18=D%3Dv14&v18=%2Fconf%2Fubs%2Fsettings%2Fwcm%2Ftemplates%2Fcontent&c19=D%3Dv19&v19=global&c20=D%3Dv20&v20=en&v33=corporate.functions&c34=D%3Dv33&v34=Global%20Wealth%20Management&c35=D%3Dv34&v43=form%20start&c45=D%3Dv43&c51=D%3Dv53&v52=2025-06-12T12%3A23%3A48Z%20%7C%2011.47.9&v53=wealthmanagement%2Fconnect-with-us&c63=D%3Dv91&c64=D%3Dv92&c69=0-4-3-2-1&v70=77077633088525909281932303162303294299&v168=21740122%3A21740132%3A21739909&pe=lnk_o&pev2=Quality%20Form%20Start&s=1440x900&c=24&j=1.6&v=N&k=Y&bw=1037&bh=687&mcorgid=73FAC51D54C72AE50A4C98BC%40AdobeOrg&lrt=94&AQE=1
payload==={"method":"GET","queryParams":{"v6":"/wealthmanagement/","bitness":"64","v9":"Mozilla/5.0 (Windows NT 10.0; Win64; x64) AppleWebKit/537.36 (KHTML, like Gecko) Chrome/137.0.0.0 Safari/537.36","c35":"D=v34","jsonv":"1","c34":"D=v33","pev2":"Quality Form Start","ssf":"0","aamlh":"6","AQB":"1","v52":"2025-06-12T12:23:48Z | 11.47.9","nsid":"0","v10":"external","v53":"wealthmanagement/connect-with-us","AQE":"1","v14":"/content/sites/global/en/wealthmanagement/connect-with-us","id":"77077633088525909281932303162303294299","amcid":"77077633088525909281932303162303294299","v18":"/conf/ubs/settings/wcm/templates/content","v17":"default | light-mode","events":"event157","v19":"global","c45":"D=v43","et":"1","lrt":"94","c3":"D=v4","c4":"D=v5","c5":"D=v6","v20":"en","c9":"D=v9","c51":"D=v53","server":"https://www.ubs.com","c10":"D=v10","bh":"687","c17":"D=v18","mid":"77077633088525909281932303162303294299","c16":"D=v17","c19":"D=v19","c18":"D=v14","v168":"21740122:21740132:21739909","v70":"77077633088525909281932303162303294299","bw":"1037","v34":"Global Wealth Management","platformVersion":"19.0.0","v33":"corporate.functions","architecture":"x86","cc":"USD","c20":"D=v20","c64":"D=v92","c63":"D=v91","mcorgid":"73FAC51D54C72AE50A4C98BC@AdobeOrg","ce":"UTF-8","c":"24","ch":"global:global wealth management","g":"https://www.ubs.com/global/en/wealthmanagement/connect-with-us.html","c69":"0-4-3-2-1","cl":"31536000","j":"1.6","k":"Y","ndh":"1","s":"1440x900","t":"29/5/2025 22:34:37 0 -120","v43":"form start","pe":"lnk_o","pf":"1","v":"N","callback":"s_c_il[1].doPostbacks","v4":"/global/en/wealthmanagement/connect-with-us.html","ts":"2025-06-29T20:34:37.849Z","v5":"global:global wealth management"},"url":"https://analytics.ubs.com/b/ss/ubs-loglive/10/JS-2.27.0-LEWM/s04548876048699?AQB=1&ndh=1&pf=1&callback=s_c_il[1].doPostbacks&et=1&t=29%2F5%2F2025%2022%3A34%3A37%200%20-120&cid.&r_mid.&id=77077633088525909281932303162303294299&.r_mid&.cid&d.&nsid=0&jsonv=1&.d&ts=2025-06-29T20%3A34%3A37.849Z&mid=77077633088525909281932303162303294299&aamlh=6&ce=UTF-8&cl=31536000&g=https%3A%2F%2Fwww.ubs.com%2Fglobal%2Fen%2Fwealthmanagement%2Fconnect-with-us.html&c.&amcid=77077633088525909281932303162303294299&cm.&ssf=0&.cm&.c&h.&architecture=x86&bitness=64&platformVersion=19.0.0&.h&cc=USD&ch=global%3Aglobal%20wealth%20management&server=https%3A%2F%2Fwww.ubs.com&events=event157&c3=D%3Dv4&c4=D%3Dv5&v4=%2Fglobal%2Fen%2Fwealthmanagement%2Fconnect-with-us.html&c5=D%3Dv6&v5=global%3Aglobal%20wealth%20management&v6=%2Fwealthmanagement%2F&c9=D%3Dv9&v9=Mozilla%2F5.0%20%28Windows%20NT%2010.0%3B%20Win64%3B%20x64%29%20AppleWebKit%2F537.36%20%28KHTML%2C%20like%20Gecko%29%20Chrome%2F137.0.0.0%20Safari%2F537.36&c10=D%3Dv10&v10=external&v14=%2Fcontent%2Fsites%2Fglobal%2Fen%2Fwealthmanagement%2Fconnect-with-us&c16=D%3Dv17&c17=D%3Dv18&v17=default%20%7C%20light-mode&c18=D%3Dv14&v18=%2Fconf%2Fubs%2Fsettings%2Fwcm%2Ftemplates%2Fcontent&c19=D%3Dv19&v19=global&c20=D%3Dv20&v20=en&v33=corporate.functions&c34=D%3Dv33&v34=Global%20Wealth%20Management&c35=D%3Dv34&v43=form%20start&c45=D%3Dv43&c51=D%3Dv53&v52=2025-06-12T12%3A23%3A48Z%20%7C%2011.47.9&v53=wealthmanagement%2Fconnect-with-us&c63=D%3Dv91&c64=D%3Dv92&c69=0-4-3-2-1&v70=77077633088525909281932303162303294299&v168=21740122%3A21740132%3A21739909&pe=lnk_o&pev2=Quality%20Form%20Start&s=1440x900&c=24&j=1.6&v=N&k=Y&bw=1037&bh=687&mcorgid=73FAC51D54C72AE50A4C98BC%40AdobeOrg&lrt=94&AQE=1","timestamp":1751229277869}
Total captured API calls so far: 7
  And Click on Submit Button                                              # stepdefs.AnalyticsSteps.submitButton()
Captured payloads saved to target/pageLoad_apis.json
  And Select region                                                       # stepdefs.AnalyticsSteps.selectRegion()
✅ All expected Adobe Analytics events were found: [event193]
  Then I should see expected Adobe Analytics events "event193"            # stepdefs.AnalyticsSteps.validateAnalytics(java.lang.String)
✅ All expected Adobe Analytics events were found: [event133, event13]
  Then I should see expected Adobe Analytics events "event13,event133"    # stepdefs.AnalyticsSteps.validateAnalytics(java.lang.String)
✅ All expected Adobe Analytics events were found: [event157]
  Then I should see expected Adobe Analytics events "event157"            # stepdefs.AnalyticsSteps.validateAnalytics(java.lang.String)
✅ All expected Adobe Analytics events were found: [event15]
  Then I should see expected Adobe Analytics events "event15"             # stepdefs.AnalyticsSteps.validateAnalytics(java.lang.String)
✅ Chart saved as: api_calls_chart.jpeg
  Then generateReport                                                     # stepdefs.AnalyticsSteps.generateReport()
]]></system-out>
    <system-err><![CDATA[Jun 29, 2025 10:34:17 PM org.openqa.selenium.devtools.CdpVersionFinder findNearestMatch
WARNING: Unable to find an exact match for CDP version 137, returning the closest version; found: 136; Please update to a Selenium version that supports CDP version 137
SLF4J(W): Class path contains multiple SLF4J providers.
SLF4J(W): Found provider [org.slf4j.simple.SimpleServiceProvider@4bd2f0dc]
SLF4J(W): Found provider [ch.qos.logback.classic.spi.LogbackServiceProvider@2e647e59]
SLF4J(W): See https://www.slf4j.org/codes.html#multiple_bindings for an explanation.
SLF4J(I): Actual provider is of type [org.slf4j.simple.SimpleServiceProvider@4bd2f0dc]
[CDP Connection] INFO utils.DevToolsInterceptor - Captured XHR request to URL: https://analytics.ubs.com/b/ss/ubs-loglive/10/JS-2.27.0-LEWM/s05471449762729
[CDP Connection] INFO utils.DevToolsInterceptor - payload==={"method":"POST","queryParams":{},"url":"https://analytics.ubs.com/b/ss/ubs-loglive/10/JS-2.27.0-LEWM/s05471449762729","timestamp":1751229262103}
[CDP Connection] INFO utils.DevToolsInterceptor - Captured XHR request to URL: https://analytics.ubs.com/b/ss/ubs-loglive/10/JS-2.27.0-LEWM/s07662327512066
[CDP Connection] INFO utils.DevToolsInterceptor - payload==={"method":"POST","queryParams":{},"url":"https://analytics.ubs.com/b/ss/ubs-loglive/10/JS-2.27.0-LEWM/s07662327512066","timestamp":1751229264606}
[CDP Connection] INFO utils.DevToolsInterceptor - Captured Script request to URL: https://analytics.ubs.com/b/ss/ubs-loglive/10/JS-2.27.0-LEWM/s02307392260342?AQB=1&ndh=1&pf=1&callback=s_c_il[1].doPostbacks&et=1&t=29%2F5%2F2025%2022%3A34%3A24%200%20-120&cid.&r_mid.&id=77077633088525909281932303162303294299&.r_mid&.cid&d.&nsid=0&jsonv=1&.d&ts=2025-06-29T20%3A34%3A24.603Z&mid=77077633088525909281932303162303294299&aamlh=6&ce=UTF-8&cl=31536000&g=https%3A%2F%2Fwww.ubs.com%2Fglobal%2Fen%2Fwealthmanagement%2Fconnect-with-us.html&c.&amcid=77077633088525909281932303162303294299&cm.&ssf=0&.cm&.c&h.&architecture=x86&bitness=64&platformVersion=19.0.0&.h&cc=USD&ch=global%3Aglobal%20wealth%20management&server=https%3A%2F%2Fwww.ubs.com&events=event193&c3=D%3Dv4&c4=D%3Dv5&v4=%2Fglobal%2Fen%2Fwealthmanagement%2Fconnect-with-us.html&c5=D%3Dv6&v5=global%3Aglobal%20wealth%20management&v6=%2Fwealthmanagement%2F&c9=D%3Dv9&v9=Mozilla%2F5.0%20%28Windows%20NT%2010.0%3B%20Win64%3B%20x64%29%20AppleWebKit%2F537.36%20%28KHTML%2C%20like%20Gecko%29%20Chrome%2F137.0.0.0%20Safari%2F537.36&c10=D%3Dv10&v10=external&v14=%2Fcontent%2Fsites%2Fglobal%2Fen%2Fwealthmanagement%2Fconnect-with-us&c16=D%3Dv17&c17=D%3Dv18&v17=default%20%7C%20light-mode&c18=D%3Dv14&v18=%2Fconf%2Fubs%2Fsettings%2Fwcm%2Ftemplates%2Fcontent&c19=D%3Dv19&v19=global&c20=D%3Dv20&v20=en&v33=corporate.functions&c34=D%3Dv33&v34=Global%20Wealth%20Management&c35=D%3Dv34&v43=Form%20Ready&c45=D%3Dv43&c51=D%3Dv53&v52=2025-06-12T12%3A23%3A48Z%20%7C%2011.47.9&v53=wealthmanagement%2Fconnect-with-us&c69=0-4-3-2-1&v70=77077633088525909281932303162303294299&v168=21740122&pe=lnk_o&pev2=Form%20Ready&s=1440x900&c=24&j=1.6&v=N&k=Y&bw=1037&bh=687&mcorgid=73FAC51D54C72AE50A4C98BC%40AdobeOrg&AQE=1
[CDP Connection] INFO utils.DevToolsInterceptor - payload==={"method":"GET","queryParams":{"v6":"/wealthmanagement/","bitness":"64","v9":"Mozilla/5.0 (Windows NT 10.0; Win64; x64) AppleWebKit/537.36 (KHTML, like Gecko) Chrome/137.0.0.0 Safari/537.36","c35":"D=v34","jsonv":"1","c34":"D=v33","pev2":"Form Ready","ssf":"0","aamlh":"6","AQB":"1","v52":"2025-06-12T12:23:48Z | 11.47.9","nsid":"0","v10":"external","v53":"wealthmanagement/connect-with-us","AQE":"1","v14":"/content/sites/global/en/wealthmanagement/connect-with-us","id":"77077633088525909281932303162303294299","amcid":"77077633088525909281932303162303294299","v18":"/conf/ubs/settings/wcm/templates/content","v17":"default | light-mode","events":"event193","v19":"global","c45":"D=v43","et":"1","c3":"D=v4","c4":"D=v5","c5":"D=v6","v20":"en","c9":"D=v9","c51":"D=v53","server":"https://www.ubs.com","c10":"D=v10","bh":"687","c17":"D=v18","mid":"77077633088525909281932303162303294299","c16":"D=v17","c19":"D=v19","c18":"D=v14","v168":"21740122","v70":"77077633088525909281932303162303294299","bw":"1037","v34":"Global Wealth Management","platformVersion":"19.0.0","v33":"corporate.functions","architecture":"x86","cc":"USD","c20":"D=v20","mcorgid":"73FAC51D54C72AE50A4C98BC@AdobeOrg","ce":"UTF-8","c":"24","ch":"global:global wealth management","g":"https://www.ubs.com/global/en/wealthmanagement/connect-with-us.html","c69":"0-4-3-2-1","cl":"31536000","j":"1.6","k":"Y","ndh":"1","s":"1440x900","t":"29/5/2025 22:34:24 0 -120","v43":"Form Ready","pe":"lnk_o","pf":"1","v":"N","callback":"s_c_il[1].doPostbacks","v4":"/global/en/wealthmanagement/connect-with-us.html","ts":"2025-06-29T20:34:24.603Z","v5":"global:global wealth management"},"url":"https://analytics.ubs.com/b/ss/ubs-loglive/10/JS-2.27.0-LEWM/s02307392260342?AQB=1&ndh=1&pf=1&callback=s_c_il[1].doPostbacks&et=1&t=29%2F5%2F2025%2022%3A34%3A24%200%20-120&cid.&r_mid.&id=77077633088525909281932303162303294299&.r_mid&.cid&d.&nsid=0&jsonv=1&.d&ts=2025-06-29T20%3A34%3A24.603Z&mid=77077633088525909281932303162303294299&aamlh=6&ce=UTF-8&cl=31536000&g=https%3A%2F%2Fwww.ubs.com%2Fglobal%2Fen%2Fwealthmanagement%2Fconnect-with-us.html&c.&amcid=77077633088525909281932303162303294299&cm.&ssf=0&.cm&.c&h.&architecture=x86&bitness=64&platformVersion=19.0.0&.h&cc=USD&ch=global%3Aglobal%20wealth%20management&server=https%3A%2F%2Fwww.ubs.com&events=event193&c3=D%3Dv4&c4=D%3Dv5&v4=%2Fglobal%2Fen%2Fwealthmanagement%2Fconnect-with-us.html&c5=D%3Dv6&v5=global%3Aglobal%20wealth%20management&v6=%2Fwealthmanagement%2F&c9=D%3Dv9&v9=Mozilla%2F5.0%20%28Windows%20NT%2010.0%3B%20Win64%3B%20x64%29%20AppleWebKit%2F537.36%20%28KHTML%2C%20like%20Gecko%29%20Chrome%2F137.0.0.0%20Safari%2F537.36&c10=D%3Dv10&v10=external&v14=%2Fcontent%2Fsites%2Fglobal%2Fen%2Fwealthmanagement%2Fconnect-with-us&c16=D%3Dv17&c17=D%3Dv18&v17=default%20%7C%20light-mode&c18=D%3Dv14&v18=%2Fconf%2Fubs%2Fsettings%2Fwcm%2Ftemplates%2Fcontent&c19=D%3Dv19&v19=global&c20=D%3Dv20&v20=en&v33=corporate.functions&c34=D%3Dv33&v34=Global%20Wealth%20Management&c35=D%3Dv34&v43=Form%20Ready&c45=D%3Dv43&c51=D%3Dv53&v52=2025-06-12T12%3A23%3A48Z%20%7C%2011.47.9&v53=wealthmanagement%2Fconnect-with-us&c69=0-4-3-2-1&v70=77077633088525909281932303162303294299&v168=21740122&pe=lnk_o&pev2=Form%20Ready&s=1440x900&c=24&j=1.6&v=N&k=Y&bw=1037&bh=687&mcorgid=73FAC51D54C72AE50A4C98BC%40AdobeOrg&AQE=1","timestamp":1751229264708}
[CDP Connection] INFO utils.DevToolsInterceptor - Captured Script request to URL: https://analytics.ubs.com/b/ss/ubs-loglive/10/JS-2.27.0-LEWM/s04042894520447?AQB=1&ndh=1&pf=1&callback=s_c_il[1].doPostbacks&et=1&t=29%2F5%2F2025%2022%3A34%3A24%200%20-120&cid.&r_mid.&id=77077633088525909281932303162303294299&.r_mid&.cid&d.&nsid=0&jsonv=1&.d&ts=2025-06-29T20%3A34%3A24.795Z&mid=77077633088525909281932303162303294299&aamlh=6&ce=UTF-8&cl=31536000&g=https%3A%2F%2Fwww.ubs.com%2Fglobal%2Fen%2Fwealthmanagement%2Fconnect-with-us.html&c.&amcid=77077633088525909281932303162303294299&cm.&ssf=0&.cm&.c&h.&architecture=x86&bitness=64&platformVersion=19.0.0&.h&cc=USD&ch=global%3Aglobal%20wealth%20management&server=https%3A%2F%2Fwww.ubs.com&events=event13%2Cevent133&c3=D%3Dv4&c4=D%3Dv5&v4=%2Fglobal%2Fen%2Fwealthmanagement%2Fconnect-with-us.html&c5=D%3Dv6&v5=global%3Aglobal%20wealth%20management&v6=%2Fwealthmanagement%2F&c9=D%3Dv9&v9=Mozilla%2F5.0%20%28Windows%20NT%2010.0%3B%20Win64%3B%20x64%29%20AppleWebKit%2F537.36%20%28KHTML%2C%20like%20Gecko%29%20Chrome%2F137.0.0.0%20Safari%2F537.36&c10=D%3Dv10&v10=external&v14=%2Fcontent%2Fsites%2Fglobal%2Fen%2Fwealthmanagement%2Fconnect-with-us&c16=D%3Dv17&c17=D%3Dv18&v17=default%20%7C%20light-mode&c18=D%3Dv14&v18=%2Fconf%2Fubs%2Fsettings%2Fwcm%2Ftemplates%2Fcontent&c19=D%3Dv19&v19=global&c20=D%3Dv20&v20=en&v33=corporate.functions&c34=D%3Dv33&v34=Global%20Wealth%20Management&c35=D%3Dv34&v43=form%20start&c45=D%3Dv43&c51=D%3Dv53&v52=2025-06-12T12%3A23%3A48Z%20%7C%2011.47.9&v53=wealthmanagement%2Fconnect-with-us&c69=0-4-3-2-1&v70=77077633088525909281932303162303294299&v168=21740122%3A21739909&pe=lnk_o&pev2=Form%20Start&s=1440x900&c=24&j=1.6&v=N&k=Y&bw=1037&bh=687&mcorgid=73FAC51D54C72AE50A4C98BC%40AdobeOrg&lrt=100&AQE=1
[CDP Connection] INFO utils.DevToolsInterceptor - payload==={"method":"GET","queryParams":{"v6":"/wealthmanagement/","bitness":"64","v9":"Mozilla/5.0 (Windows NT 10.0; Win64; x64) AppleWebKit/537.36 (KHTML, like Gecko) Chrome/137.0.0.0 Safari/537.36","c35":"D=v34","jsonv":"1","c34":"D=v33","pev2":"Form Start","ssf":"0","aamlh":"6","AQB":"1","v52":"2025-06-12T12:23:48Z | 11.47.9","nsid":"0","v10":"external","v53":"wealthmanagement/connect-with-us","AQE":"1","v14":"/content/sites/global/en/wealthmanagement/connect-with-us","id":"77077633088525909281932303162303294299","amcid":"77077633088525909281932303162303294299","v18":"/conf/ubs/settings/wcm/templates/content","v17":"default | light-mode","events":"event13,event133","v19":"global","c45":"D=v43","et":"1","lrt":"100","c3":"D=v4","c4":"D=v5","c5":"D=v6","v20":"en","c9":"D=v9","c51":"D=v53","server":"https://www.ubs.com","c10":"D=v10","bh":"687","c17":"D=v18","mid":"77077633088525909281932303162303294299","c16":"D=v17","c19":"D=v19","c18":"D=v14","v168":"21740122:21739909","v70":"77077633088525909281932303162303294299","bw":"1037","v34":"Global Wealth Management","platformVersion":"19.0.0","v33":"corporate.functions","architecture":"x86","cc":"USD","c20":"D=v20","mcorgid":"73FAC51D54C72AE50A4C98BC@AdobeOrg","ce":"UTF-8","c":"24","ch":"global:global wealth management","g":"https://www.ubs.com/global/en/wealthmanagement/connect-with-us.html","c69":"0-4-3-2-1","cl":"31536000","j":"1.6","k":"Y","ndh":"1","s":"1440x900","t":"29/5/2025 22:34:24 0 -120","v43":"form start","pe":"lnk_o","pf":"1","v":"N","callback":"s_c_il[1].doPostbacks","v4":"/global/en/wealthmanagement/connect-with-us.html","ts":"2025-06-29T20:34:24.795Z","v5":"global:global wealth management"},"url":"https://analytics.ubs.com/b/ss/ubs-loglive/10/JS-2.27.0-LEWM/s04042894520447?AQB=1&ndh=1&pf=1&callback=s_c_il[1].doPostbacks&et=1&t=29%2F5%2F2025%2022%3A34%3A24%200%20-120&cid.&r_mid.&id=77077633088525909281932303162303294299&.r_mid&.cid&d.&nsid=0&jsonv=1&.d&ts=2025-06-29T20%3A34%3A24.795Z&mid=77077633088525909281932303162303294299&aamlh=6&ce=UTF-8&cl=31536000&g=https%3A%2F%2Fwww.ubs.com%2Fglobal%2Fen%2Fwealthmanagement%2Fconnect-with-us.html&c.&amcid=77077633088525909281932303162303294299&cm.&ssf=0&.cm&.c&h.&architecture=x86&bitness=64&platformVersion=19.0.0&.h&cc=USD&ch=global%3Aglobal%20wealth%20management&server=https%3A%2F%2Fwww.ubs.com&events=event13%2Cevent133&c3=D%3Dv4&c4=D%3Dv5&v4=%2Fglobal%2Fen%2Fwealthmanagement%2Fconnect-with-us.html&c5=D%3Dv6&v5=global%3Aglobal%20wealth%20management&v6=%2Fwealthmanagement%2F&c9=D%3Dv9&v9=Mozilla%2F5.0%20%28Windows%20NT%2010.0%3B%20Win64%3B%20x64%29%20AppleWebKit%2F537.36%20%28KHTML%2C%20like%20Gecko%29%20Chrome%2F137.0.0.0%20Safari%2F537.36&c10=D%3Dv10&v10=external&v14=%2Fcontent%2Fsites%2Fglobal%2Fen%2Fwealthmanagement%2Fconnect-with-us&c16=D%3Dv17&c17=D%3Dv18&v17=default%20%7C%20light-mode&c18=D%3Dv14&v18=%2Fconf%2Fubs%2Fsettings%2Fwcm%2Ftemplates%2Fcontent&c19=D%3Dv19&v19=global&c20=D%3Dv20&v20=en&v33=corporate.functions&c34=D%3Dv33&v34=Global%20Wealth%20Management&c35=D%3Dv34&v43=form%20start&c45=D%3Dv43&c51=D%3Dv53&v52=2025-06-12T12%3A23%3A48Z%20%7C%2011.47.9&v53=wealthmanagement%2Fconnect-with-us&c69=0-4-3-2-1&v70=77077633088525909281932303162303294299&v168=21740122%3A21739909&pe=lnk_o&pev2=Form%20Start&s=1440x900&c=24&j=1.6&v=N&k=Y&bw=1037&bh=687&mcorgid=73FAC51D54C72AE50A4C98BC%40AdobeOrg&lrt=100&AQE=1","timestamp":1751229264807}
[CDP Connection] INFO utils.DevToolsInterceptor - Captured XHR request to URL: https://analytics.ubs.com/b/ss/ubs-loglive/10/JS-2.27.0-LEWM/s0329021631484
[CDP Connection] INFO utils.DevToolsInterceptor - payload==={"method":"POST","queryParams":{},"url":"https://analytics.ubs.com/b/ss/ubs-loglive/10/JS-2.27.0-LEWM/s0329021631484","timestamp":1751229275184}
[CDP Connection] INFO utils.DevToolsInterceptor - Captured Script request to URL: https://analytics.ubs.com/b/ss/ubs-loglive/10/JS-2.27.0-LEWM/s07878433594144?AQB=1&ndh=1&pf=1&callback=s_c_il[1].doPostbacks&et=1&t=29%2F5%2F2025%2022%3A34%3A35%200%20-120&cid.&r_mid.&id=77077633088525909281932303162303294299&.r_mid&.cid&d.&nsid=0&jsonv=1&.d&ts=2025-06-29T20%3A34%3A35.180Z&mid=77077633088525909281932303162303294299&aamlh=6&ce=UTF-8&cl=31536000&g=https%3A%2F%2Fwww.ubs.com%2Fglobal%2Fen%2Fwealthmanagement%2Fconnect-with-us.html&c.&amcid=77077633088525909281932303162303294299&cm.&ssf=0&.cm&.c&h.&architecture=x86&bitness=64&platformVersion=19.0.0&.h&cc=USD&ch=global%3Aglobal%20wealth%20management&server=https%3A%2F%2Fwww.ubs.com&events=event15&c3=D%3Dv4&c4=D%3Dv5&v4=%2Fglobal%2Fen%2Fwealthmanagement%2Fconnect-with-us.html&c5=D%3Dv6&v5=global%3Aglobal%20wealth%20management&v6=%2Fwealthmanagement%2F&c9=D%3Dv9&v9=Mozilla%2F5.0%20%28Windows%20NT%2010.0%3B%20Win64%3B%20x64%29%20AppleWebKit%2F537.36%20%28KHTML%2C%20like%20Gecko%29%20Chrome%2F137.0.0.0%20Safari%2F537.36&c10=D%3Dv10&v10=external&v14=%2Fcontent%2Fsites%2Fglobal%2Fen%2Fwealthmanagement%2Fconnect-with-us&c16=D%3Dv17&c17=D%3Dv18&v17=default%20%7C%20light-mode&c18=D%3Dv14&v18=%2Fconf%2Fubs%2Fsettings%2Fwcm%2Ftemplates%2Fcontent&c19=D%3Dv19&v19=global&c20=D%3Dv20&v20=en&v33=corporate.functions&c34=D%3Dv33&v34=Global%20Wealth%20Management&c35=D%3Dv34&v41=Without%20your%20consent%20we%20are%20not%20able%20to%20process%20your%20personal%20data%20for%20the%20purposes%20stated%20above.&v42=confirmation_159246120%20%281-14%29&c43=D%3Dv41&v43=form%20error&c44=D%3Dv42&c45=D%3Dv43&c51=D%3Dv53&v52=2025-06-12T12%3A23%3A48Z%20%7C%2011.47.9&v53=wealthmanagement%2Fconnect-with-us&c69=0-4-3-2-1&v70=77077633088525909281932303162303294299&v168=21740122%3A21740132%3A21739909&pe=lnk_o&pev2=Form%20Error&s=1440x900&c=24&j=1.6&v=N&k=Y&bw=1037&bh=687&mcorgid=73FAC51D54C72AE50A4C98BC%40AdobeOrg&AQE=1
[CDP Connection] INFO utils.DevToolsInterceptor - payload==={"method":"GET","queryParams":{"v6":"/wealthmanagement/","bitness":"64","v9":"Mozilla/5.0 (Windows NT 10.0; Win64; x64) AppleWebKit/537.36 (KHTML, like Gecko) Chrome/137.0.0.0 Safari/537.36","c35":"D=v34","jsonv":"1","c34":"D=v33","pev2":"Form Error","ssf":"0","aamlh":"6","AQB":"1","v52":"2025-06-12T12:23:48Z | 11.47.9","nsid":"0","v10":"external","v53":"wealthmanagement/connect-with-us","AQE":"1","v14":"/content/sites/global/en/wealthmanagement/connect-with-us","id":"77077633088525909281932303162303294299","amcid":"77077633088525909281932303162303294299","v18":"/conf/ubs/settings/wcm/templates/content","v17":"default | light-mode","events":"event15","v19":"global","c44":"D=v42","c43":"D=v41","c45":"D=v43","et":"1","c3":"D=v4","c4":"D=v5","c5":"D=v6","v20":"en","c9":"D=v9","c51":"D=v53","server":"https://www.ubs.com","c10":"D=v10","bh":"687","c17":"D=v18","mid":"77077633088525909281932303162303294299","c16":"D=v17","c19":"D=v19","c18":"D=v14","v168":"21740122:21740132:21739909","v70":"77077633088525909281932303162303294299","bw":"1037","v34":"Global Wealth Management","platformVersion":"19.0.0","v33":"corporate.functions","architecture":"x86","cc":"USD","c20":"D=v20","mcorgid":"73FAC51D54C72AE50A4C98BC@AdobeOrg","ce":"UTF-8","c":"24","ch":"global:global wealth management","g":"https://www.ubs.com/global/en/wealthmanagement/connect-with-us.html","c69":"0-4-3-2-1","cl":"31536000","j":"1.6","k":"Y","v41":"Without your consent we are not able to process your personal data for the purposes stated above.","ndh":"1","s":"1440x900","t":"29/5/2025 22:34:35 0 -120","v43":"form error","v42":"confirmation_159246120 (1-14)","pe":"lnk_o","pf":"1","v":"N","callback":"s_c_il[1].doPostbacks","v4":"/global/en/wealthmanagement/connect-with-us.html","ts":"2025-06-29T20:34:35.180Z","v5":"global:global wealth management"},"url":"https://analytics.ubs.com/b/ss/ubs-loglive/10/JS-2.27.0-LEWM/s07878433594144?AQB=1&ndh=1&pf=1&callback=s_c_il[1].doPostbacks&et=1&t=29%2F5%2F2025%2022%3A34%3A35%200%20-120&cid.&r_mid.&id=77077633088525909281932303162303294299&.r_mid&.cid&d.&nsid=0&jsonv=1&.d&ts=2025-06-29T20%3A34%3A35.180Z&mid=77077633088525909281932303162303294299&aamlh=6&ce=UTF-8&cl=31536000&g=https%3A%2F%2Fwww.ubs.com%2Fglobal%2Fen%2Fwealthmanagement%2Fconnect-with-us.html&c.&amcid=77077633088525909281932303162303294299&cm.&ssf=0&.cm&.c&h.&architecture=x86&bitness=64&platformVersion=19.0.0&.h&cc=USD&ch=global%3Aglobal%20wealth%20management&server=https%3A%2F%2Fwww.ubs.com&events=event15&c3=D%3Dv4&c4=D%3Dv5&v4=%2Fglobal%2Fen%2Fwealthmanagement%2Fconnect-with-us.html&c5=D%3Dv6&v5=global%3Aglobal%20wealth%20management&v6=%2Fwealthmanagement%2F&c9=D%3Dv9&v9=Mozilla%2F5.0%20%28Windows%20NT%2010.0%3B%20Win64%3B%20x64%29%20AppleWebKit%2F537.36%20%28KHTML%2C%20like%20Gecko%29%20Chrome%2F137.0.0.0%20Safari%2F537.36&c10=D%3Dv10&v10=external&v14=%2Fcontent%2Fsites%2Fglobal%2Fen%2Fwealthmanagement%2Fconnect-with-us&c16=D%3Dv17&c17=D%3Dv18&v17=default%20%7C%20light-mode&c18=D%3Dv14&v18=%2Fconf%2Fubs%2Fsettings%2Fwcm%2Ftemplates%2Fcontent&c19=D%3Dv19&v19=global&c20=D%3Dv20&v20=en&v33=corporate.functions&c34=D%3Dv33&v34=Global%20Wealth%20Management&c35=D%3Dv34&v41=Without%20your%20consent%20we%20are%20not%20able%20to%20process%20your%20personal%20data%20for%20the%20purposes%20stated%20above.&v42=confirmation_159246120%20%281-14%29&c43=D%3Dv41&v43=form%20error&c44=D%3Dv42&c45=D%3Dv43&c51=D%3Dv53&v52=2025-06-12T12%3A23%3A48Z%20%7C%2011.47.9&v53=wealthmanagement%2Fconnect-with-us&c69=0-4-3-2-1&v70=77077633088525909281932303162303294299&v168=21740122%3A21740132%3A21739909&pe=lnk_o&pev2=Form%20Error&s=1440x900&c=24&j=1.6&v=N&k=Y&bw=1037&bh=687&mcorgid=73FAC51D54C72AE50A4C98BC%40AdobeOrg&AQE=1","timestamp":1751229275272}
[CDP Connection] INFO utils.DevToolsInterceptor - Captured Script request to URL: https://analytics.ubs.com/b/ss/ubs-loglive/10/JS-2.27.0-LEWM/s04548876048699?AQB=1&ndh=1&pf=1&callback=s_c_il[1].doPostbacks&et=1&t=29%2F5%2F2025%2022%3A34%3A37%200%20-120&cid.&r_mid.&id=77077633088525909281932303162303294299&.r_mid&.cid&d.&nsid=0&jsonv=1&.d&ts=2025-06-29T20%3A34%3A37.849Z&mid=77077633088525909281932303162303294299&aamlh=6&ce=UTF-8&cl=31536000&g=https%3A%2F%2Fwww.ubs.com%2Fglobal%2Fen%2Fwealthmanagement%2Fconnect-with-us.html&c.&amcid=77077633088525909281932303162303294299&cm.&ssf=0&.cm&.c&h.&architecture=x86&bitness=64&platformVersion=19.0.0&.h&cc=USD&ch=global%3Aglobal%20wealth%20management&server=https%3A%2F%2Fwww.ubs.com&events=event157&c3=D%3Dv4&c4=D%3Dv5&v4=%2Fglobal%2Fen%2Fwealthmanagement%2Fconnect-with-us.html&c5=D%3Dv6&v5=global%3Aglobal%20wealth%20management&v6=%2Fwealthmanagement%2F&c9=D%3Dv9&v9=Mozilla%2F5.0%20%28Windows%20NT%2010.0%3B%20Win64%3B%20x64%29%20AppleWebKit%2F537.36%20%28KHTML%2C%20like%20Gecko%29%20Chrome%2F137.0.0.0%20Safari%2F537.36&c10=D%3Dv10&v10=external&v14=%2Fcontent%2Fsites%2Fglobal%2Fen%2Fwealthmanagement%2Fconnect-with-us&c16=D%3Dv17&c17=D%3Dv18&v17=default%20%7C%20light-mode&c18=D%3Dv14&v18=%2Fconf%2Fubs%2Fsettings%2Fwcm%2Ftemplates%2Fcontent&c19=D%3Dv19&v19=global&c20=D%3Dv20&v20=en&v33=corporate.functions&c34=D%3Dv33&v34=Global%20Wealth%20Management&c35=D%3Dv34&v43=form%20start&c45=D%3Dv43&c51=D%3Dv53&v52=2025-06-12T12%3A23%3A48Z%20%7C%2011.47.9&v53=wealthmanagement%2Fconnect-with-us&c63=D%3Dv91&c64=D%3Dv92&c69=0-4-3-2-1&v70=77077633088525909281932303162303294299&v168=21740122%3A21740132%3A21739909&pe=lnk_o&pev2=Quality%20Form%20Start&s=1440x900&c=24&j=1.6&v=N&k=Y&bw=1037&bh=687&mcorgid=73FAC51D54C72AE50A4C98BC%40AdobeOrg&lrt=94&AQE=1
[CDP Connection] INFO utils.DevToolsInterceptor - payload==={"method":"GET","queryParams":{"v6":"/wealthmanagement/","bitness":"64","v9":"Mozilla/5.0 (Windows NT 10.0; Win64; x64) AppleWebKit/537.36 (KHTML, like Gecko) Chrome/137.0.0.0 Safari/537.36","c35":"D=v34","jsonv":"1","c34":"D=v33","pev2":"Quality Form Start","ssf":"0","aamlh":"6","AQB":"1","v52":"2025-06-12T12:23:48Z | 11.47.9","nsid":"0","v10":"external","v53":"wealthmanagement/connect-with-us","AQE":"1","v14":"/content/sites/global/en/wealthmanagement/connect-with-us","id":"77077633088525909281932303162303294299","amcid":"77077633088525909281932303162303294299","v18":"/conf/ubs/settings/wcm/templates/content","v17":"default | light-mode","events":"event157","v19":"global","c45":"D=v43","et":"1","lrt":"94","c3":"D=v4","c4":"D=v5","c5":"D=v6","v20":"en","c9":"D=v9","c51":"D=v53","server":"https://www.ubs.com","c10":"D=v10","bh":"687","c17":"D=v18","mid":"77077633088525909281932303162303294299","c16":"D=v17","c19":"D=v19","c18":"D=v14","v168":"21740122:21740132:21739909","v70":"77077633088525909281932303162303294299","bw":"1037","v34":"Global Wealth Management","platformVersion":"19.0.0","v33":"corporate.functions","architecture":"x86","cc":"USD","c20":"D=v20","c64":"D=v92","c63":"D=v91","mcorgid":"73FAC51D54C72AE50A4C98BC@AdobeOrg","ce":"UTF-8","c":"24","ch":"global:global wealth management","g":"https://www.ubs.com/global/en/wealthmanagement/connect-with-us.html","c69":"0-4-3-2-1","cl":"31536000","j":"1.6","k":"Y","ndh":"1","s":"1440x900","t":"29/5/2025 22:34:37 0 -120","v43":"form start","pe":"lnk_o","pf":"1","v":"N","callback":"s_c_il[1].doPostbacks","v4":"/global/en/wealthmanagement/connect-with-us.html","ts":"2025-06-29T20:34:37.849Z","v5":"global:global wealth management"},"url":"https://analytics.ubs.com/b/ss/ubs-loglive/10/JS-2.27.0-LEWM/s04548876048699?AQB=1&ndh=1&pf=1&callback=s_c_il[1].doPostbacks&et=1&t=29%2F5%2F2025%2022%3A34%3A37%200%20-120&cid.&r_mid.&id=77077633088525909281932303162303294299&.r_mid&.cid&d.&nsid=0&jsonv=1&.d&ts=2025-06-29T20%3A34%3A37.849Z&mid=77077633088525909281932303162303294299&aamlh=6&ce=UTF-8&cl=31536000&g=https%3A%2F%2Fwww.ubs.com%2Fglobal%2Fen%2Fwealthmanagement%2Fconnect-with-us.html&c.&amcid=77077633088525909281932303162303294299&cm.&ssf=0&.cm&.c&h.&architecture=x86&bitness=64&platformVersion=19.0.0&.h&cc=USD&ch=global%3Aglobal%20wealth%20management&server=https%3A%2F%2Fwww.ubs.com&events=event157&c3=D%3Dv4&c4=D%3Dv5&v4=%2Fglobal%2Fen%2Fwealthmanagement%2Fconnect-with-us.html&c5=D%3Dv6&v5=global%3Aglobal%20wealth%20management&v6=%2Fwealthmanagement%2F&c9=D%3Dv9&v9=Mozilla%2F5.0%20%28Windows%20NT%2010.0%3B%20Win64%3B%20x64%29%20AppleWebKit%2F537.36%20%28KHTML%2C%20like%20Gecko%29%20Chrome%2F137.0.0.0%20Safari%2F537.36&c10=D%3Dv10&v10=external&v14=%2Fcontent%2Fsites%2Fglobal%2Fen%2Fwealthmanagement%2Fconnect-with-us&c16=D%3Dv17&c17=D%3Dv18&v17=default%20%7C%20light-mode&c18=D%3Dv14&v18=%2Fconf%2Fubs%2Fsettings%2Fwcm%2Ftemplates%2Fcontent&c19=D%3Dv19&v19=global&c20=D%3Dv20&v20=en&v33=corporate.functions&c34=D%3Dv33&v34=Global%20Wealth%20Management&c35=D%3Dv34&v43=form%20start&c45=D%3Dv43&c51=D%3Dv53&v52=2025-06-12T12%3A23%3A48Z%20%7C%2011.47.9&v53=wealthmanagement%2Fconnect-with-us&c63=D%3Dv91&c64=D%3Dv92&c69=0-4-3-2-1&v70=77077633088525909281932303162303294299&v168=21740122%3A21740132%3A21739909&pe=lnk_o&pev2=Quality%20Form%20Start&s=1440x900&c=24&j=1.6&v=N&k=Y&bw=1037&bh=687&mcorgid=73FAC51D54C72AE50A4C98BC%40AdobeOrg&lrt=94&AQE=1","timestamp":1751229277869}
]]></system-err>
  </testcase>
</testsuite>